==========================================================
Job ID: 11172846
Running on node: c75t34
Number of CPUs: 64
Working directory: /work/zlatnikj/NTMF021/RandomWalk
==========================================================
Loading modules...
OMP Number of threads: 64
Running computation /home/zlatnikj/NTMF021/RandomWalk/random_walk
[16:19:24]: Generating Penrose grid for plotting...
[16:19:24]: Penrose substitutuon finished, constructing grid...
[16:19:24]: Grid construction finished, exporting grid data to files...
[16:19:24]: Grid data exported to files: penrose.txt, nodes.txt, edges.txt
[16:19:24]: Regenerating Penrose grid for computations...
[16:19:24]: Penrose substitutuon finished, constructing grid...
[16:19:25]: Grid construction finished, exporting grid data to files...
[16:19:31]: Grid data exported to binary files: grid_points.bin, edges.bin, num_edges.bin
[16:19:31]: Loading Penrose grid...
[16:19:31]: Penrose grid succesfully loaded.
[16:19:31]: Grid rescaled to d=1.
[16:19:31]: Searching for starting point...
[16:19:31]: Starting point ID found: 428438 at (.500000, .000000)
[16:19:31]: Simulating random walks...
[16:19:31]: Simulating random walks for nsteps = 5 ...
[16:19:31]: Computing simple random walks...
[16:19:31]: Computing simple random walks finished.
[16:19:31]: Computing no-backtracking random walks...
[16:19:31]: Computing no-backtracking random walks finished.
[16:19:31]: Total attempts for no-backtracking walks: 100000 out of 100000
[16:19:31]: Computing only-once random walks...
[16:19:31]: Computing only-once random walks finished.
[16:19:31]: Total attempts for only-once walks: 100000 out of 100000
[16:19:31]: Writing results to files...
[16:19:31]: Writing results to files finished.
[16:19:31]: Computing R statistics...
[16:19:31]: Computing R statistics finished.
[16:19:31]: Simulating random walks for nsteps = 10 ...
[16:19:31]: Computing simple random walks...
[16:19:31]: Computing simple random walks finished.
[16:19:31]: Computing no-backtracking random walks...
[16:19:31]: Computing no-backtracking random walks finished.
[16:19:31]: Total attempts for no-backtracking walks: 100000 out of 100000
[16:19:31]: Computing only-once random walks...
[16:19:31]: Computing only-once random walks finished.
[16:19:31]: Total attempts for only-once walks: 106361 out of 100000
[16:19:31]: Writing results to files...
[16:19:32]: Writing results to files finished.
[16:19:32]: Computing R statistics...
[16:19:32]: Computing R statistics finished.
[16:19:32]: Simulating random walks for nsteps = 25 ...
[16:19:32]: Computing simple random walks...
[16:19:32]: Computing simple random walks finished.
[16:19:32]: Computing no-backtracking random walks...
[16:19:32]: Computing no-backtracking random walks finished.
[16:19:32]: Total attempts for no-backtracking walks: 100000 out of 100000
[16:19:32]: Computing only-once random walks...
[16:19:32]: Computing only-once random walks finished.
[16:19:32]: Total attempts for only-once walks: 153397 out of 100000
[16:19:32]: Writing results to files...
[16:19:32]: Writing results to files finished.
[16:19:32]: Computing R statistics...
[16:19:32]: Computing R statistics finished.
[16:19:32]: Simulating random walks for nsteps = 50 ...
[16:19:32]: Computing simple random walks...
[16:19:32]: Computing simple random walks finished.
[16:19:32]: Computing no-backtracking random walks...
[16:19:32]: Computing no-backtracking random walks finished.
[16:19:32]: Total attempts for no-backtracking walks: 100000 out of 100000
[16:19:32]: Computing only-once random walks...
[16:19:33]: Computing only-once random walks finished.
[16:19:33]: Total attempts for only-once walks: 352360 out of 100000
[16:19:33]: Writing results to files...
[16:19:33]: Writing results to files finished.
[16:19:33]: Computing R statistics...
[16:19:33]: Computing R statistics finished.
[16:19:33]: Simulating random walks for nsteps = 75 ...
[16:19:33]: Computing simple random walks...
[16:19:33]: Computing simple random walks finished.
[16:19:33]: Computing no-backtracking random walks...
[16:19:33]: Computing no-backtracking random walks finished.
[16:19:33]: Total attempts for no-backtracking walks: 100000 out of 100000
[16:19:33]: Computing only-once random walks...
[16:19:34]: Computing only-once random walks finished.
[16:19:34]: Total attempts for only-once walks: 880820 out of 100000
[16:19:34]: Writing results to files...
[16:19:35]: Writing results to files finished.
[16:19:35]: Computing R statistics...
[16:19:35]: Computing R statistics finished.
[16:19:35]: Simulating random walks for nsteps = 100 ...
[16:19:35]: Computing simple random walks...
[16:19:35]: Computing simple random walks finished.
[16:19:35]: Computing no-backtracking random walks...
[16:19:35]: Computing no-backtracking random walks finished.
[16:19:35]: Total attempts for no-backtracking walks: 100000 out of 100000
[16:19:35]: Computing only-once random walks...
[16:19:39]: Computing only-once random walks finished.
[16:19:39]: Total attempts for only-once walks: 2300407 out of 100000
[16:19:39]: Writing results to files...
[16:19:39]: Writing results to files finished.
[16:19:39]: Computing R statistics...
[16:19:39]: Computing R statistics finished.
[16:19:39]: Simulating random walks for nsteps = 125 ...
[16:19:39]: Computing simple random walks...
[16:19:39]: Computing simple random walks finished.
[16:19:39]: Computing no-backtracking random walks...
[16:19:39]: Computing no-backtracking random walks finished.
[16:19:39]: Total attempts for no-backtracking walks: 100000 out of 100000
[16:19:39]: Computing only-once random walks...
[16:19:50]: Computing only-once random walks finished.
[16:19:50]: Total attempts for only-once walks: 6111341 out of 100000
[16:19:50]: Writing results to files...
[16:19:50]: Writing results to files finished.
[16:19:50]: Computing R statistics...
[16:19:50]: Computing R statistics finished.
[16:19:50]: Simulating random walks for nsteps = 150 ...
[16:19:50]: Computing simple random walks...
[16:19:50]: Computing simple random walks finished.
[16:19:50]: Computing no-backtracking random walks...
[16:19:50]: Computing no-backtracking random walks finished.
[16:19:50]: Total attempts for no-backtracking walks: 100000 out of 100000
[16:19:50]: Computing only-once random walks...
[16:20:22]: Computing only-once random walks finished.
[16:20:22]: Total attempts for only-once walks: 16331212 out of 100000
[16:20:22]: Writing results to files...
[16:20:22]: Writing results to files finished.
[16:20:22]: Computing R statistics...
[16:20:22]: Computing R statistics finished.
[16:20:22]: Simulating random walks for nsteps = 175 ...
[16:20:22]: Computing simple random walks...
[16:20:22]: Computing simple random walks finished.
[16:20:22]: Computing no-backtracking random walks...
[16:20:22]: Computing no-backtracking random walks finished.
[16:20:22]: Total attempts for no-backtracking walks: 100000 out of 100000
[16:20:22]: Computing only-once random walks...
[16:21:44]: Computing only-once random walks finished.
[16:21:44]: Total attempts for only-once walks: 44472103 out of 100000
[16:21:44]: Writing results to files...
[16:21:46]: Writing results to files finished.
[16:21:46]: Computing R statistics...
[16:21:46]: Computing R statistics finished.
[16:21:46]: Simulating random walks for nsteps = 200 ...
[16:21:46]: Computing simple random walks...
[16:21:46]: Computing simple random walks finished.
[16:21:46]: Computing no-backtracking random walks...
[16:21:46]: Computing no-backtracking random walks finished.
[16:21:46]: Total attempts for no-backtracking walks: 100000 out of 100000
[16:21:46]: Computing only-once random walks...
[16:25:35]: Computing only-once random walks finished.
[16:25:35]: Total attempts for only-once walks: 122872392 out of 100000
[16:25:35]: Writing results to files...
[16:25:35]: Writing results to files finished.
[16:25:35]: Computing R statistics...
[16:25:35]: Computing R statistics finished.
[16:25:35]: Simulating random walks for nsteps = 225 ...
[16:25:35]: Computing simple random walks...
[16:25:35]: Computing simple random walks finished.
[16:25:35]: Computing no-backtracking random walks...
[16:25:35]: Computing no-backtracking random walks finished.
[16:25:35]: Total attempts for no-backtracking walks: 100000 out of 100000
[16:25:35]: Computing only-once random walks...
[16:36:06]: Computing only-once random walks finished.
[16:36:06]: Total attempts for only-once walks: 340031758 out of 100000
[16:36:06]: Writing results to files...
[16:36:06]: Writing results to files finished.
[16:36:06]: Computing R statistics...
[16:36:06]: Computing R statistics finished.
[16:36:06]: Simulating random walks for nsteps = 250 ...
[16:36:06]: Computing simple random walks...
[16:36:06]: Computing simple random walks finished.
[16:36:06]: Computing no-backtracking random walks...
[16:36:06]: Computing no-backtracking random walks finished.
[16:36:06]: Total attempts for no-backtracking walks: 100000 out of 100000
[16:36:06]: Computing only-once random walks...
[17:05:21]: Computing only-once random walks finished.
[17:05:21]: Total attempts for only-once walks: 944036546 out of 100000
[17:05:21]: Writing results to files...
[17:05:21]: Writing results to files finished.
[17:05:21]: Computing R statistics...
[17:05:21]: Computing R statistics finished.
[17:05:21]: Simulating random walks for nsteps = 300 ...
[17:05:21]: Computing simple random walks...
[17:05:21]: Computing simple random walks finished.
[17:05:21]: Computing no-backtracking random walks...
[17:05:21]: Computing no-backtracking random walks finished.
[17:05:21]: Total attempts for no-backtracking walks: 100000 out of 100000
[17:05:21]: Computing only-once random walks...
[20:51:09]: Computing only-once random walks finished.
[20:51:09]: Total attempts for only-once walks: -1311811192 out of 100000
[20:51:09]: Writing results to files...
[20:51:09]: Writing results to files finished.
[20:51:09]: Computing R statistics...
[20:51:09]: Computing R statistics finished.
[20:51:09]: Writing R statistics to file...
[20:51:09]: Writing R statistics to file finished.
[20:51:09]: All random walk simulations finished.
[20:51:09]: Random walk simulation finished.
==========================================================
Computation finished.
Job ending.
==========================================================
