==========================================================
Job ID: 11064350
Running on node: auuk-a2-12
Number of CPUs: 64
Working directory: /work/zlatnikj/NTMF021/Percolation
==========================================================
Loading modules...
OMP Number of threads: 64
Running computation /home/zlatnikj/NTMF021/Percolation/percolation
[00:50:53]: ======================================================================
[00:50:53]:                    STARTING PENROSE GRID TEST
[00:50:53]: ======================================================================
[00:50:53]: Generating Penrose grid for plotting...
[00:50:53]: Penrose substitutuon finished, constructing grid...
[00:50:53]: Grid construction finished, generationg boundary...
[00:50:53]: Exporting data to files...
[00:50:53]: Export complete: nodes.txt, edges.txt, boundary_SW.txt, boundary_NE.txt
[00:50:53]: ======================================================================
[00:50:53]:                      PENROSE GRID TEST COMPLETED
[00:50:53]: ======================================================================
[00:50:53]: ======================================================================
[00:50:53]:                    STARTING PERCOLATION SIMULATION
[00:50:53]: ======================================================================
[00:50:53]: Initializing computation modules...
[00:50:53]: Starting percolation simulations...
[00:50:53]: Processing grid with: n_iterations = 7...
[00:50:53]: Grid generated with #nodes = 1037.
[00:50:53]: Running Monte Carlo simulation...
[00:50:54]:       p_occup = 0.3967 => p_perc=0.0000
[00:50:54]:       p_occup = 0.4267 => p_perc=0.0002
[00:50:55]:       p_occup = 0.4418 => p_perc=0.0011
[00:50:55]:       p_occup = 0.4520 => p_perc=0.0016
[00:50:55]:       p_occup = 0.4598 => p_perc=0.0027
[00:50:56]:       p_occup = 0.4660 => p_perc=0.0038
[00:50:56]:       p_occup = 0.4713 => p_perc=0.0051
[00:50:56]:       p_occup = 0.4758 => p_perc=0.0064
[00:50:57]:       p_occup = 0.4798 => p_perc=0.0104
[00:50:57]:       p_occup = 0.4833 => p_perc=0.0110
[00:50:58]:       p_occup = 0.4865 => p_perc=0.0111
[00:50:58]:       p_occup = 0.4895 => p_perc=0.0181
[00:50:58]:       p_occup = 0.4922 => p_perc=0.0185
[00:50:59]:       p_occup = 0.4947 => p_perc=0.0217
[00:50:59]:       p_occup = 0.4970 => p_perc=0.0248
[00:50:59]:       p_occup = 0.4992 => p_perc=0.0287
[00:51:00]:       p_occup = 0.5013 => p_perc=0.0331
[00:51:00]:       p_occup = 0.5033 => p_perc=0.0316
[00:51:00]:       p_occup = 0.5051 => p_perc=0.0361
[00:51:01]:       p_occup = 0.5069 => p_perc=0.0401
[00:51:01]:       p_occup = 0.5086 => p_perc=0.0404
[00:51:01]:       p_occup = 0.5102 => p_perc=0.0449
[00:51:02]:       p_occup = 0.5118 => p_perc=0.0491
[00:51:02]:       p_occup = 0.5132 => p_perc=0.0565
[00:51:03]:       p_occup = 0.5147 => p_perc=0.0561
[00:51:03]:       p_occup = 0.5161 => p_perc=0.0615
[00:51:03]:       p_occup = 0.5174 => p_perc=0.0663
[00:51:04]:       p_occup = 0.5187 => p_perc=0.0659
[00:51:04]:       p_occup = 0.5199 => p_perc=0.0696
[00:51:04]:       p_occup = 0.5212 => p_perc=0.0733
[00:51:05]:       p_occup = 0.5223 => p_perc=0.0778
[00:51:05]:       p_occup = 0.5235 => p_perc=0.0790
[00:51:05]:       p_occup = 0.5246 => p_perc=0.0857
[00:51:06]:       p_occup = 0.5257 => p_perc=0.0842
[00:51:06]:       p_occup = 0.5267 => p_perc=0.0922
[00:51:06]:       p_occup = 0.5278 => p_perc=0.1019
[00:51:07]:       p_occup = 0.5288 => p_perc=0.0922
[00:51:07]:       p_occup = 0.5298 => p_perc=0.1029
[00:51:08]:       p_occup = 0.5307 => p_perc=0.1098
[00:51:08]:       p_occup = 0.5317 => p_perc=0.1059
[00:51:08]:       p_occup = 0.5326 => p_perc=0.1172
[00:51:09]:       p_occup = 0.5335 => p_perc=0.1208
[00:51:09]:       p_occup = 0.5344 => p_perc=0.1286
[00:51:09]:       p_occup = 0.5353 => p_perc=0.1187
[00:51:10]:       p_occup = 0.5362 => p_perc=0.1396
[00:51:10]:       p_occup = 0.5370 => p_perc=0.1346
[00:51:10]:       p_occup = 0.5378 => p_perc=0.1402
[00:51:11]:       p_occup = 0.5387 => p_perc=0.1429
[00:51:11]:       p_occup = 0.5395 => p_perc=0.1518
[00:51:11]:       p_occup = 0.5402 => p_perc=0.1537
[00:51:12]:       p_occup = 0.5410 => p_perc=0.1564
[00:51:12]:       p_occup = 0.5418 => p_perc=0.1657
[00:51:13]:       p_occup = 0.5426 => p_perc=0.1645
[00:51:13]:       p_occup = 0.5433 => p_perc=0.1743
[00:51:13]:       p_occup = 0.5440 => p_perc=0.1716
[00:51:14]:       p_occup = 0.5448 => p_perc=0.1848
[00:51:14]:       p_occup = 0.5455 => p_perc=0.1787
[00:51:14]:       p_occup = 0.5462 => p_perc=0.1891
[00:51:15]:       p_occup = 0.5469 => p_perc=0.1867
[00:51:15]:       p_occup = 0.5476 => p_perc=0.1934
[00:51:15]:       p_occup = 0.5483 => p_perc=0.2004
[00:51:16]:       p_occup = 0.5489 => p_perc=0.2022
[00:51:16]:       p_occup = 0.5496 => p_perc=0.2091
[00:51:16]:       p_occup = 0.5503 => p_perc=0.2188
[00:51:17]:       p_occup = 0.5509 => p_perc=0.2212
[00:51:17]:       p_occup = 0.5516 => p_perc=0.2268
[00:51:17]:       p_occup = 0.5522 => p_perc=0.2310
[00:51:18]:       p_occup = 0.5529 => p_perc=0.2347
[00:51:18]:       p_occup = 0.5535 => p_perc=0.2356
[00:51:18]:       p_occup = 0.5541 => p_perc=0.2414
[00:51:19]:       p_occup = 0.5547 => p_perc=0.2467
[00:51:19]:       p_occup = 0.5553 => p_perc=0.2480
[00:51:19]:       p_occup = 0.5560 => p_perc=0.2516
[00:51:20]:       p_occup = 0.5566 => p_perc=0.2524
[00:51:20]:       p_occup = 0.5572 => p_perc=0.2621
[00:51:21]:       p_occup = 0.5577 => p_perc=0.2604
[00:51:21]:       p_occup = 0.5583 => p_perc=0.2742
[00:51:21]:       p_occup = 0.5589 => p_perc=0.2763
[00:51:22]:       p_occup = 0.5595 => p_perc=0.2939
[00:51:22]:       p_occup = 0.5601 => p_perc=0.2876
[00:51:22]:       p_occup = 0.5607 => p_perc=0.2889
[00:51:23]:       p_occup = 0.5612 => p_perc=0.2992
[00:51:23]:       p_occup = 0.5618 => p_perc=0.2968
[00:51:23]:       p_occup = 0.5624 => p_perc=0.3040
[00:51:24]:       p_occup = 0.5629 => p_perc=0.3099
[00:51:24]:       p_occup = 0.5635 => p_perc=0.3062
[00:51:24]:       p_occup = 0.5640 => p_perc=0.3156
[00:51:25]:       p_occup = 0.5646 => p_perc=0.3140
[00:51:25]:       p_occup = 0.5651 => p_perc=0.3247
[00:51:25]:       p_occup = 0.5657 => p_perc=0.3331
[00:51:26]:       p_occup = 0.5662 => p_perc=0.3397
[00:51:26]:       p_occup = 0.5667 => p_perc=0.3423
[00:51:26]:       p_occup = 0.5673 => p_perc=0.3565
[00:51:27]:       p_occup = 0.5678 => p_perc=0.3444
[00:51:27]:       p_occup = 0.5684 => p_perc=0.3534
[00:51:28]:       p_occup = 0.5689 => p_perc=0.3513
[00:51:28]:       p_occup = 0.5694 => p_perc=0.3585
[00:51:28]:       p_occup = 0.5699 => p_perc=0.3672
[00:51:29]:       p_occup = 0.5705 => p_perc=0.3711
[00:51:29]:       p_occup = 0.5710 => p_perc=0.3801
[00:51:29]:       p_occup = 0.5715 => p_perc=0.3939
[00:51:30]:       p_occup = 0.5720 => p_perc=0.3868
[00:51:30]:       p_occup = 0.5725 => p_perc=0.3894
[00:51:30]:       p_occup = 0.5731 => p_perc=0.3945
[00:51:31]:       p_occup = 0.5736 => p_perc=0.4045
[00:51:31]:       p_occup = 0.5741 => p_perc=0.4033
[00:51:31]:       p_occup = 0.5746 => p_perc=0.4176
[00:51:32]:       p_occup = 0.5751 => p_perc=0.4043
[00:51:32]:       p_occup = 0.5756 => p_perc=0.4081
[00:51:32]:       p_occup = 0.5761 => p_perc=0.4211
[00:51:33]:       p_occup = 0.5766 => p_perc=0.4272
[00:51:33]:       p_occup = 0.5771 => p_perc=0.4387
[00:51:33]:       p_occup = 0.5776 => p_perc=0.4344
[00:51:34]:       p_occup = 0.5781 => p_perc=0.4414
[00:51:34]:       p_occup = 0.5786 => p_perc=0.4410
[00:51:35]:       p_occup = 0.5791 => p_perc=0.4457
[00:51:35]:       p_occup = 0.5796 => p_perc=0.4441
[00:51:35]:       p_occup = 0.5801 => p_perc=0.4594
[00:51:36]:       p_occup = 0.5807 => p_perc=0.4696
[00:51:36]:       p_occup = 0.5812 => p_perc=0.4698
[00:51:36]:       p_occup = 0.5817 => p_perc=0.4761
[00:51:37]:       p_occup = 0.5822 => p_perc=0.4779
[00:51:37]:       p_occup = 0.5827 => p_perc=0.4819
[00:51:37]:       p_occup = 0.5832 => p_perc=0.4944
[00:51:38]:       p_occup = 0.5837 => p_perc=0.5017
[00:51:38]:       p_occup = 0.5841 => p_perc=0.4904
[00:51:38]:       p_occup = 0.5846 => p_perc=0.4944
[00:51:39]:       p_occup = 0.5851 => p_perc=0.5087
[00:51:39]:       p_occup = 0.5856 => p_perc=0.5107
[00:51:39]:       p_occup = 0.5861 => p_perc=0.5135
[00:51:40]:       p_occup = 0.5866 => p_perc=0.5238
[00:51:40]:       p_occup = 0.5871 => p_perc=0.5253
[00:51:40]:       p_occup = 0.5877 => p_perc=0.5267
[00:51:41]:       p_occup = 0.5882 => p_perc=0.5429
[00:51:41]:       p_occup = 0.5887 => p_perc=0.5376
[00:51:41]:       p_occup = 0.5892 => p_perc=0.5463
[00:51:42]:       p_occup = 0.5897 => p_perc=0.5503
[00:51:42]:       p_occup = 0.5902 => p_perc=0.5566
[00:51:42]:       p_occup = 0.5907 => p_perc=0.5601
[00:51:43]:       p_occup = 0.5912 => p_perc=0.5750
[00:51:43]:       p_occup = 0.5917 => p_perc=0.5658
[00:51:43]:       p_occup = 0.5922 => p_perc=0.5707
[00:51:44]:       p_occup = 0.5927 => p_perc=0.5779
[00:51:44]:       p_occup = 0.5932 => p_perc=0.5785
[00:51:44]:       p_occup = 0.5937 => p_perc=0.5774
[00:51:45]:       p_occup = 0.5942 => p_perc=0.5871
[00:51:45]:       p_occup = 0.5947 => p_perc=0.5893
[00:51:46]:       p_occup = 0.5953 => p_perc=0.5953
[00:51:46]:       p_occup = 0.5958 => p_perc=0.6016
[00:51:46]:       p_occup = 0.5963 => p_perc=0.6064
[00:51:47]:       p_occup = 0.5968 => p_perc=0.6156
[00:51:47]:       p_occup = 0.5973 => p_perc=0.6282
[00:51:47]:       p_occup = 0.5979 => p_perc=0.6313
[00:51:48]:       p_occup = 0.5984 => p_perc=0.6253
[00:51:48]:       p_occup = 0.5989 => p_perc=0.6333
[00:51:48]:       p_occup = 0.5994 => p_perc=0.6376
[00:51:49]:       p_occup = 0.6000 => p_perc=0.6463
[00:51:49]:       p_occup = 0.6005 => p_perc=0.6553
[00:51:49]:       p_occup = 0.6011 => p_perc=0.6501
[00:51:50]:       p_occup = 0.6016 => p_perc=0.6556
[00:51:50]:       p_occup = 0.6021 => p_perc=0.6740
[00:51:50]:       p_occup = 0.6027 => p_perc=0.6621
[00:51:51]:       p_occup = 0.6032 => p_perc=0.6745
[00:51:51]:       p_occup = 0.6038 => p_perc=0.6790
[00:51:51]:       p_occup = 0.6043 => p_perc=0.6860
[00:51:52]:       p_occup = 0.6049 => p_perc=0.6904
[00:51:52]:       p_occup = 0.6054 => p_perc=0.6906
[00:51:52]:       p_occup = 0.6060 => p_perc=0.6933
[00:51:53]:       p_occup = 0.6066 => p_perc=0.6898
[00:51:53]:       p_occup = 0.6071 => p_perc=0.7011
[00:51:53]:       p_occup = 0.6077 => p_perc=0.7044
[00:51:54]:       p_occup = 0.6083 => p_perc=0.7157
[00:51:54]:       p_occup = 0.6089 => p_perc=0.7190
[00:51:54]:       p_occup = 0.6095 => p_perc=0.7203
[00:51:55]:       p_occup = 0.6101 => p_perc=0.7220
[00:51:55]:       p_occup = 0.6106 => p_perc=0.7304
[00:51:55]:       p_occup = 0.6112 => p_perc=0.7399
[00:51:56]:       p_occup = 0.6118 => p_perc=0.7377
[00:51:56]:       p_occup = 0.6125 => p_perc=0.7457
[00:51:56]:       p_occup = 0.6131 => p_perc=0.7484
[00:51:57]:       p_occup = 0.6137 => p_perc=0.7434
[00:51:57]:       p_occup = 0.6143 => p_perc=0.7606
[00:51:57]:       p_occup = 0.6149 => p_perc=0.7630
[00:51:58]:       p_occup = 0.6156 => p_perc=0.7656
[00:51:58]:       p_occup = 0.6162 => p_perc=0.7679
[00:51:58]:       p_occup = 0.6169 => p_perc=0.7760
[00:51:59]:       p_occup = 0.6175 => p_perc=0.7680
[00:51:59]:       p_occup = 0.6182 => p_perc=0.7976
[00:51:59]:       p_occup = 0.6189 => p_perc=0.7851
[00:52:00]:       p_occup = 0.6195 => p_perc=0.7990
[00:52:00]:       p_occup = 0.6202 => p_perc=0.7981
[00:52:00]:       p_occup = 0.6209 => p_perc=0.7933
[00:52:01]:       p_occup = 0.6216 => p_perc=0.8093
[00:52:01]:       p_occup = 0.6223 => p_perc=0.8186
[00:52:01]:       p_occup = 0.6230 => p_perc=0.8171
[00:52:02]:       p_occup = 0.6238 => p_perc=0.8172
[00:52:02]:       p_occup = 0.6245 => p_perc=0.8259
[00:52:02]:       p_occup = 0.6252 => p_perc=0.8290
[00:52:03]:       p_occup = 0.6260 => p_perc=0.8253
[00:52:03]:       p_occup = 0.6268 => p_perc=0.8352
[00:52:03]:       p_occup = 0.6276 => p_perc=0.8431
[00:52:04]:       p_occup = 0.6283 => p_perc=0.8386
[00:52:04]:       p_occup = 0.6291 => p_perc=0.8527
[00:52:04]:       p_occup = 0.6300 => p_perc=0.8484
[00:52:05]:       p_occup = 0.6308 => p_perc=0.8600
[00:52:05]:       p_occup = 0.6316 => p_perc=0.8705
[00:52:05]:       p_occup = 0.6325 => p_perc=0.8708
[00:52:06]:       p_occup = 0.6334 => p_perc=0.8773
[00:52:06]:       p_occup = 0.6343 => p_perc=0.8769
[00:52:06]:       p_occup = 0.6352 => p_perc=0.8834
[00:52:07]:       p_occup = 0.6361 => p_perc=0.8905
[00:52:07]:       p_occup = 0.6371 => p_perc=0.8909
[00:52:07]:       p_occup = 0.6380 => p_perc=0.8900
[00:52:08]:       p_occup = 0.6390 => p_perc=0.9020
[00:52:08]:       p_occup = 0.6400 => p_perc=0.9027
[00:52:08]:       p_occup = 0.6411 => p_perc=0.9055
[00:52:09]:       p_occup = 0.6421 => p_perc=0.9144
[00:52:09]:       p_occup = 0.6432 => p_perc=0.9158
[00:52:09]:       p_occup = 0.6443 => p_perc=0.9210
[00:52:10]:       p_occup = 0.6455 => p_perc=0.9176
[00:52:10]:       p_occup = 0.6466 => p_perc=0.9323
[00:52:10]:       p_occup = 0.6479 => p_perc=0.9307
[00:52:10]:       p_occup = 0.6491 => p_perc=0.9297
[00:52:11]:       p_occup = 0.6504 => p_perc=0.9389
[00:52:11]:       p_occup = 0.6517 => p_perc=0.9386
[00:52:11]:       p_occup = 0.6531 => p_perc=0.9440
[00:52:12]:       p_occup = 0.6546 => p_perc=0.9514
[00:52:12]:       p_occup = 0.6560 => p_perc=0.9484
[00:52:12]:       p_occup = 0.6576 => p_perc=0.9555
[00:52:13]:       p_occup = 0.6592 => p_perc=0.9596
[00:52:13]:       p_occup = 0.6609 => p_perc=0.9621
[00:52:13]:       p_occup = 0.6627 => p_perc=0.9629
[00:52:14]:       p_occup = 0.6645 => p_perc=0.9701
[00:52:14]:       p_occup = 0.6665 => p_perc=0.9731
[00:52:14]:       p_occup = 0.6686 => p_perc=0.9726
[00:52:15]:       p_occup = 0.6708 => p_perc=0.9759
[00:52:15]:       p_occup = 0.6731 => p_perc=0.9798
[00:52:15]:       p_occup = 0.6756 => p_perc=0.9796
[00:52:16]:       p_occup = 0.6783 => p_perc=0.9850
[00:52:16]:       p_occup = 0.6813 => p_perc=0.9885
[00:52:16]:       p_occup = 0.6845 => p_perc=0.9910
[00:52:16]:       p_occup = 0.6880 => p_perc=0.9934
[00:52:17]:       p_occup = 0.6920 => p_perc=0.9930
[00:52:17]:       p_occup = 0.6965 => p_perc=0.9952
[00:52:17]:       p_occup = 0.7018 => p_perc=0.9972
[00:52:18]:       p_occup = 0.7080 => p_perc=0.9976
[00:52:18]:       p_occup = 0.7158 => p_perc=0.9987
[00:52:18]:       p_occup = 0.7260 => p_perc=0.9992
[00:52:19]:       p_occup = 0.7411 => p_perc=0.9999
[00:52:19]:       p_occup = 0.7711 => p_perc=0.9999
[00:52:19]: Monte Carlo finished for this grid size.
[00:52:19]: Processing grid with: n_iterations = 9...
[00:52:19]: Grid generated with #nodes = 6895.
[00:52:19]: Running Monte Carlo simulation...
[00:52:21]:       p_occup = 0.3967 => p_perc=0.0000
[00:52:23]:       p_occup = 0.4267 => p_perc=0.0000
[00:52:24]:       p_occup = 0.4418 => p_perc=0.0000
[00:52:26]:       p_occup = 0.4520 => p_perc=0.0000
[00:52:28]:       p_occup = 0.4598 => p_perc=0.0000
[00:52:30]:       p_occup = 0.4660 => p_perc=0.0000
[00:52:32]:       p_occup = 0.4713 => p_perc=0.0000
[00:52:34]:       p_occup = 0.4758 => p_perc=0.0000
[00:52:36]:       p_occup = 0.4798 => p_perc=0.0000
[00:52:38]:       p_occup = 0.4833 => p_perc=0.0001
[00:52:40]:       p_occup = 0.4865 => p_perc=0.0000
[00:52:41]:       p_occup = 0.4895 => p_perc=0.0000
[00:52:43]:       p_occup = 0.4922 => p_perc=0.0000
[00:52:45]:       p_occup = 0.4947 => p_perc=0.0000
[00:52:47]:       p_occup = 0.4970 => p_perc=0.0001
[00:52:49]:       p_occup = 0.4992 => p_perc=0.0001
[00:52:51]:       p_occup = 0.5013 => p_perc=0.0004
[00:52:53]:       p_occup = 0.5033 => p_perc=0.0001
[00:52:55]:       p_occup = 0.5051 => p_perc=0.0001
[00:52:57]:       p_occup = 0.5069 => p_perc=0.0001
[00:52:59]:       p_occup = 0.5086 => p_perc=0.0008
[00:53:00]:       p_occup = 0.5102 => p_perc=0.0010
[00:53:02]:       p_occup = 0.5118 => p_perc=0.0010
[00:53:04]:       p_occup = 0.5132 => p_perc=0.0009
[00:53:06]:       p_occup = 0.5147 => p_perc=0.0012
[00:53:08]:       p_occup = 0.5161 => p_perc=0.0011
[00:53:10]:       p_occup = 0.5174 => p_perc=0.0020
[00:53:12]:       p_occup = 0.5187 => p_perc=0.0017
[00:53:14]:       p_occup = 0.5199 => p_perc=0.0028
[00:53:16]:       p_occup = 0.5212 => p_perc=0.0013
[00:53:18]:       p_occup = 0.5223 => p_perc=0.0035
[00:53:19]:       p_occup = 0.5235 => p_perc=0.0052
[00:53:21]:       p_occup = 0.5246 => p_perc=0.0039
[00:53:23]:       p_occup = 0.5257 => p_perc=0.0056
[00:53:25]:       p_occup = 0.5267 => p_perc=0.0059
[00:53:27]:       p_occup = 0.5278 => p_perc=0.0061
[00:53:29]:       p_occup = 0.5288 => p_perc=0.0063
[00:53:31]:       p_occup = 0.5298 => p_perc=0.0074
[00:53:33]:       p_occup = 0.5307 => p_perc=0.0087
[00:53:34]:       p_occup = 0.5317 => p_perc=0.0102
[00:53:36]:       p_occup = 0.5326 => p_perc=0.0111
[00:53:38]:       p_occup = 0.5335 => p_perc=0.0116
[00:53:40]:       p_occup = 0.5344 => p_perc=0.0138
[00:53:42]:       p_occup = 0.5353 => p_perc=0.0158
[00:53:44]:       p_occup = 0.5362 => p_perc=0.0125
[00:53:46]:       p_occup = 0.5370 => p_perc=0.0187
[00:53:48]:       p_occup = 0.5378 => p_perc=0.0203
[00:53:49]:       p_occup = 0.5387 => p_perc=0.0218
[00:53:51]:       p_occup = 0.5395 => p_perc=0.0235
[00:53:53]:       p_occup = 0.5402 => p_perc=0.0249
[00:53:55]:       p_occup = 0.5410 => p_perc=0.0247
[00:53:57]:       p_occup = 0.5418 => p_perc=0.0292
[00:53:59]:       p_occup = 0.5426 => p_perc=0.0302
[00:54:01]:       p_occup = 0.5433 => p_perc=0.0320
[00:54:03]:       p_occup = 0.5440 => p_perc=0.0336
[00:54:05]:       p_occup = 0.5448 => p_perc=0.0350
[00:54:06]:       p_occup = 0.5455 => p_perc=0.0389
[00:54:08]:       p_occup = 0.5462 => p_perc=0.0414
[00:54:10]:       p_occup = 0.5469 => p_perc=0.0451
[00:54:12]:       p_occup = 0.5476 => p_perc=0.0502
[00:54:14]:       p_occup = 0.5483 => p_perc=0.0512
[00:54:16]:       p_occup = 0.5489 => p_perc=0.0539
[00:54:18]:       p_occup = 0.5496 => p_perc=0.0587
[00:54:19]:       p_occup = 0.5503 => p_perc=0.0625
[00:54:21]:       p_occup = 0.5509 => p_perc=0.0644
[00:54:23]:       p_occup = 0.5516 => p_perc=0.0677
[00:54:25]:       p_occup = 0.5522 => p_perc=0.0697
[00:54:27]:       p_occup = 0.5529 => p_perc=0.0773
[00:54:29]:       p_occup = 0.5535 => p_perc=0.0788
[00:54:31]:       p_occup = 0.5541 => p_perc=0.0823
[00:54:32]:       p_occup = 0.5547 => p_perc=0.0910
[00:54:34]:       p_occup = 0.5553 => p_perc=0.0939
[00:54:36]:       p_occup = 0.5560 => p_perc=0.0921
[00:54:38]:       p_occup = 0.5566 => p_perc=0.1055
[00:54:40]:       p_occup = 0.5572 => p_perc=0.1078
[00:54:42]:       p_occup = 0.5577 => p_perc=0.1152
[00:54:44]:       p_occup = 0.5583 => p_perc=0.1190
[00:54:45]:       p_occup = 0.5589 => p_perc=0.1308
[00:54:47]:       p_occup = 0.5595 => p_perc=0.1261
[00:54:49]:       p_occup = 0.5601 => p_perc=0.1419
[00:54:51]:       p_occup = 0.5607 => p_perc=0.1390
[00:54:53]:       p_occup = 0.5612 => p_perc=0.1467
[00:54:55]:       p_occup = 0.5618 => p_perc=0.1531
[00:54:57]:       p_occup = 0.5624 => p_perc=0.1621
[00:54:58]:       p_occup = 0.5629 => p_perc=0.1703
[00:55:00]:       p_occup = 0.5635 => p_perc=0.1772
[00:55:02]:       p_occup = 0.5640 => p_perc=0.1903
[00:55:04]:       p_occup = 0.5646 => p_perc=0.1821
[00:55:06]:       p_occup = 0.5651 => p_perc=0.1932
[00:55:08]:       p_occup = 0.5657 => p_perc=0.1994
[00:55:09]:       p_occup = 0.5662 => p_perc=0.1993
[00:55:11]:       p_occup = 0.5667 => p_perc=0.2120
[00:55:13]:       p_occup = 0.5673 => p_perc=0.2247
[00:55:15]:       p_occup = 0.5678 => p_perc=0.2197
[00:55:17]:       p_occup = 0.5684 => p_perc=0.2296
[00:55:19]:       p_occup = 0.5689 => p_perc=0.2391
[00:55:20]:       p_occup = 0.5694 => p_perc=0.2482
[00:55:22]:       p_occup = 0.5699 => p_perc=0.2586
[00:55:24]:       p_occup = 0.5705 => p_perc=0.2642
[00:55:26]:       p_occup = 0.5710 => p_perc=0.2670
[00:55:28]:       p_occup = 0.5715 => p_perc=0.2789
[00:55:29]:       p_occup = 0.5720 => p_perc=0.2889
[00:55:31]:       p_occup = 0.5725 => p_perc=0.2944
[00:55:33]:       p_occup = 0.5731 => p_perc=0.3048
[00:55:35]:       p_occup = 0.5736 => p_perc=0.3138
[00:55:37]:       p_occup = 0.5741 => p_perc=0.3222
[00:55:39]:       p_occup = 0.5746 => p_perc=0.3328
[00:55:40]:       p_occup = 0.5751 => p_perc=0.3378
[00:55:42]:       p_occup = 0.5756 => p_perc=0.3392
[00:55:44]:       p_occup = 0.5761 => p_perc=0.3600
[00:55:46]:       p_occup = 0.5766 => p_perc=0.3665
[00:55:48]:       p_occup = 0.5771 => p_perc=0.3738
[00:55:50]:       p_occup = 0.5776 => p_perc=0.3963
[00:55:51]:       p_occup = 0.5781 => p_perc=0.3876
[00:55:53]:       p_occup = 0.5786 => p_perc=0.3988
[00:55:55]:       p_occup = 0.5791 => p_perc=0.4117
[00:55:57]:       p_occup = 0.5796 => p_perc=0.4205
[00:55:59]:       p_occup = 0.5801 => p_perc=0.4317
[00:56:01]:       p_occup = 0.5807 => p_perc=0.4521
[00:56:02]:       p_occup = 0.5812 => p_perc=0.4419
[00:56:04]:       p_occup = 0.5817 => p_perc=0.4521
[00:56:06]:       p_occup = 0.5822 => p_perc=0.4594
[00:56:08]:       p_occup = 0.5827 => p_perc=0.4777
[00:56:10]:       p_occup = 0.5832 => p_perc=0.4787
[00:56:11]:       p_occup = 0.5837 => p_perc=0.4878
[00:56:13]:       p_occup = 0.5841 => p_perc=0.4982
[00:56:15]:       p_occup = 0.5846 => p_perc=0.5110
[00:56:17]:       p_occup = 0.5851 => p_perc=0.5309
[00:56:19]:       p_occup = 0.5856 => p_perc=0.5290
[00:56:20]:       p_occup = 0.5861 => p_perc=0.5468
[00:56:22]:       p_occup = 0.5866 => p_perc=0.5501
[00:56:24]:       p_occup = 0.5871 => p_perc=0.5532
[00:56:26]:       p_occup = 0.5877 => p_perc=0.5668
[00:56:28]:       p_occup = 0.5882 => p_perc=0.5718
[00:56:30]:       p_occup = 0.5887 => p_perc=0.5888
[00:56:31]:       p_occup = 0.5892 => p_perc=0.5980
[00:56:33]:       p_occup = 0.5897 => p_perc=0.6095
[00:56:35]:       p_occup = 0.5902 => p_perc=0.6133
[00:56:37]:       p_occup = 0.5907 => p_perc=0.6208
[00:56:39]:       p_occup = 0.5912 => p_perc=0.6273
[00:56:40]:       p_occup = 0.5917 => p_perc=0.6361
[00:56:42]:       p_occup = 0.5922 => p_perc=0.6562
[00:56:44]:       p_occup = 0.5927 => p_perc=0.6577
[00:56:46]:       p_occup = 0.5932 => p_perc=0.6636
[00:56:48]:       p_occup = 0.5937 => p_perc=0.6803
[00:56:49]:       p_occup = 0.5942 => p_perc=0.6744
[00:56:51]:       p_occup = 0.5947 => p_perc=0.6911
[00:56:53]:       p_occup = 0.5953 => p_perc=0.7056
[00:56:55]:       p_occup = 0.5958 => p_perc=0.7039
[00:56:57]:       p_occup = 0.5963 => p_perc=0.7140
[00:56:58]:       p_occup = 0.5968 => p_perc=0.7246
[00:57:00]:       p_occup = 0.5973 => p_perc=0.7377
[00:57:02]:       p_occup = 0.5979 => p_perc=0.7402
[00:57:04]:       p_occup = 0.5984 => p_perc=0.7479
[00:57:06]:       p_occup = 0.5989 => p_perc=0.7565
[00:57:08]:       p_occup = 0.5994 => p_perc=0.7665
[00:57:09]:       p_occup = 0.6000 => p_perc=0.7780
[00:57:11]:       p_occup = 0.6005 => p_perc=0.7729
[00:57:13]:       p_occup = 0.6011 => p_perc=0.7852
[00:57:15]:       p_occup = 0.6016 => p_perc=0.7956
[00:57:17]:       p_occup = 0.6021 => p_perc=0.8009
[00:57:19]:       p_occup = 0.6027 => p_perc=0.8139
[00:57:20]:       p_occup = 0.6032 => p_perc=0.8120
[00:57:22]:       p_occup = 0.6038 => p_perc=0.8217
[00:57:24]:       p_occup = 0.6043 => p_perc=0.8283
[00:57:26]:       p_occup = 0.6049 => p_perc=0.8270
[00:57:28]:       p_occup = 0.6054 => p_perc=0.8398
[00:57:29]:       p_occup = 0.6060 => p_perc=0.8426
[00:57:31]:       p_occup = 0.6066 => p_perc=0.8429
[00:57:33]:       p_occup = 0.6071 => p_perc=0.8601
[00:57:35]:       p_occup = 0.6077 => p_perc=0.8656
[00:57:37]:       p_occup = 0.6083 => p_perc=0.8658
[00:57:38]:       p_occup = 0.6089 => p_perc=0.8716
[00:57:40]:       p_occup = 0.6095 => p_perc=0.8796
[00:57:42]:       p_occup = 0.6101 => p_perc=0.8925
[00:57:44]:       p_occup = 0.6106 => p_perc=0.8909
[00:57:46]:       p_occup = 0.6112 => p_perc=0.8915
[00:57:47]:       p_occup = 0.6118 => p_perc=0.9023
[00:57:49]:       p_occup = 0.6125 => p_perc=0.9022
[00:57:51]:       p_occup = 0.6131 => p_perc=0.9118
[00:57:53]:       p_occup = 0.6137 => p_perc=0.9144
[00:57:55]:       p_occup = 0.6143 => p_perc=0.9142
[00:57:57]:       p_occup = 0.6149 => p_perc=0.9191
[00:57:58]:       p_occup = 0.6156 => p_perc=0.9310
[00:58:00]:       p_occup = 0.6162 => p_perc=0.9289
[00:58:02]:       p_occup = 0.6169 => p_perc=0.9367
[00:58:04]:       p_occup = 0.6175 => p_perc=0.9414
[00:58:06]:       p_occup = 0.6182 => p_perc=0.9428
[00:58:07]:       p_occup = 0.6189 => p_perc=0.9443
[00:58:09]:       p_occup = 0.6195 => p_perc=0.9506
[00:58:11]:       p_occup = 0.6202 => p_perc=0.9487
[00:58:13]:       p_occup = 0.6209 => p_perc=0.9578
[00:58:15]:       p_occup = 0.6216 => p_perc=0.9566
[00:58:16]:       p_occup = 0.6223 => p_perc=0.9598
[00:58:18]:       p_occup = 0.6230 => p_perc=0.9629
[00:58:20]:       p_occup = 0.6238 => p_perc=0.9656
[00:58:22]:       p_occup = 0.6245 => p_perc=0.9683
[00:58:24]:       p_occup = 0.6252 => p_perc=0.9697
[00:58:25]:       p_occup = 0.6260 => p_perc=0.9687
[00:58:27]:       p_occup = 0.6268 => p_perc=0.9754
[00:58:29]:       p_occup = 0.6276 => p_perc=0.9753
[00:58:31]:       p_occup = 0.6283 => p_perc=0.9774
[00:58:33]:       p_occup = 0.6291 => p_perc=0.9809
[00:58:34]:       p_occup = 0.6300 => p_perc=0.9816
[00:58:36]:       p_occup = 0.6308 => p_perc=0.9834
[00:58:38]:       p_occup = 0.6316 => p_perc=0.9852
[00:58:40]:       p_occup = 0.6325 => p_perc=0.9876
[00:58:41]:       p_occup = 0.6334 => p_perc=0.9875
[00:58:43]:       p_occup = 0.6343 => p_perc=0.9891
[00:58:45]:       p_occup = 0.6352 => p_perc=0.9891
[00:58:47]:       p_occup = 0.6361 => p_perc=0.9898
[00:58:49]:       p_occup = 0.6371 => p_perc=0.9914
[00:58:50]:       p_occup = 0.6380 => p_perc=0.9922
[00:58:52]:       p_occup = 0.6390 => p_perc=0.9931
[00:58:54]:       p_occup = 0.6400 => p_perc=0.9954
[00:58:55]:       p_occup = 0.6411 => p_perc=0.9947
[00:58:57]:       p_occup = 0.6421 => p_perc=0.9954
[00:58:59]:       p_occup = 0.6432 => p_perc=0.9958
[00:59:01]:       p_occup = 0.6443 => p_perc=0.9960
[00:59:02]:       p_occup = 0.6455 => p_perc=0.9968
[00:59:04]:       p_occup = 0.6466 => p_perc=0.9980
[00:59:06]:       p_occup = 0.6479 => p_perc=0.9987
[00:59:08]:       p_occup = 0.6491 => p_perc=0.9982
[00:59:09]:       p_occup = 0.6504 => p_perc=0.9983
[00:59:11]:       p_occup = 0.6517 => p_perc=0.9989
[00:59:13]:       p_occup = 0.6531 => p_perc=0.9992
[00:59:15]:       p_occup = 0.6546 => p_perc=0.9993
[00:59:16]:       p_occup = 0.6560 => p_perc=0.9993
[00:59:18]:       p_occup = 0.6576 => p_perc=0.9992
[00:59:20]:       p_occup = 0.6592 => p_perc=0.9996
[00:59:22]:       p_occup = 0.6609 => p_perc=0.9999
[00:59:23]:       p_occup = 0.6627 => p_perc=0.9998
[00:59:25]:       p_occup = 0.6645 => p_perc=0.9998
[00:59:27]:       p_occup = 0.6665 => p_perc=0.9997
[00:59:28]:       p_occup = 0.6686 => p_perc=0.9999
[00:59:30]:       p_occup = 0.6708 => p_perc=1.0000
[00:59:32]:       p_occup = 0.6731 => p_perc=0.9998
[00:59:34]:       p_occup = 0.6756 => p_perc=1.0000
[00:59:35]:       p_occup = 0.6783 => p_perc=1.0000
[00:59:37]:       p_occup = 0.6813 => p_perc=1.0000
[00:59:39]:       p_occup = 0.6845 => p_perc=1.0000
[00:59:40]:       p_occup = 0.6880 => p_perc=1.0000
[00:59:42]:       p_occup = 0.6920 => p_perc=1.0000
[00:59:44]:       p_occup = 0.6965 => p_perc=1.0000
[00:59:45]:       p_occup = 0.7018 => p_perc=1.0000
[00:59:47]:       p_occup = 0.7080 => p_perc=1.0000
[00:59:49]:       p_occup = 0.7158 => p_perc=1.0000
[00:59:50]:       p_occup = 0.7260 => p_perc=1.0000
[00:59:52]:       p_occup = 0.7411 => p_perc=1.0000
[00:59:53]:       p_occup = 0.7711 => p_perc=1.0000
[00:59:53]: Monte Carlo finished for this grid size.
[00:59:53]: Processing grid with: n_iterations = 11...
[00:59:54]: Grid generated with #nodes = 46706.
[00:59:54]: Running Monte Carlo simulation...
[01:00:05]:       p_occup = 0.3967 => p_perc=0.0000
[01:00:17]:       p_occup = 0.4267 => p_perc=0.0000
[01:00:29]:       p_occup = 0.4418 => p_perc=0.0000
[01:00:41]:       p_occup = 0.4520 => p_perc=0.0000
[01:00:53]:       p_occup = 0.4598 => p_perc=0.0000
[01:01:06]:       p_occup = 0.4660 => p_perc=0.0000
[01:01:18]:       p_occup = 0.4713 => p_perc=0.0000
[01:01:30]:       p_occup = 0.4758 => p_perc=0.0000
[01:01:42]:       p_occup = 0.4798 => p_perc=0.0000
[01:01:55]:       p_occup = 0.4833 => p_perc=0.0000
[01:02:07]:       p_occup = 0.4865 => p_perc=0.0000
[01:02:19]:       p_occup = 0.4895 => p_perc=0.0000
[01:02:32]:       p_occup = 0.4922 => p_perc=0.0000
[01:02:44]:       p_occup = 0.4947 => p_perc=0.0000
[01:02:56]:       p_occup = 0.4970 => p_perc=0.0000
[01:03:09]:       p_occup = 0.4992 => p_perc=0.0000
[01:03:21]:       p_occup = 0.5013 => p_perc=0.0000
[01:03:33]:       p_occup = 0.5033 => p_perc=0.0000
[01:03:46]:       p_occup = 0.5051 => p_perc=0.0000
[01:03:58]:       p_occup = 0.5069 => p_perc=0.0000
[01:04:10]:       p_occup = 0.5086 => p_perc=0.0000
[01:04:23]:       p_occup = 0.5102 => p_perc=0.0000
[01:04:35]:       p_occup = 0.5118 => p_perc=0.0000
[01:04:47]:       p_occup = 0.5132 => p_perc=0.0000
[01:04:59]:       p_occup = 0.5147 => p_perc=0.0000
[01:05:11]:       p_occup = 0.5161 => p_perc=0.0000
[01:05:23]:       p_occup = 0.5174 => p_perc=0.0000
[01:05:36]:       p_occup = 0.5187 => p_perc=0.0000
[01:05:48]:       p_occup = 0.5199 => p_perc=0.0000
[01:06:01]:       p_occup = 0.5212 => p_perc=0.0000
[01:06:13]:       p_occup = 0.5223 => p_perc=0.0000
[01:06:25]:       p_occup = 0.5235 => p_perc=0.0000
[01:06:37]:       p_occup = 0.5246 => p_perc=0.0000
[01:06:49]:       p_occup = 0.5257 => p_perc=0.0000
[01:07:01]:       p_occup = 0.5267 => p_perc=0.0000
[01:07:14]:       p_occup = 0.5278 => p_perc=0.0000
[01:07:26]:       p_occup = 0.5288 => p_perc=0.0000
[01:07:38]:       p_occup = 0.5298 => p_perc=0.0000
[01:07:50]:       p_occup = 0.5307 => p_perc=0.0000
[01:08:03]:       p_occup = 0.5317 => p_perc=0.0000
[01:08:15]:       p_occup = 0.5326 => p_perc=0.0000
[01:08:28]:       p_occup = 0.5335 => p_perc=0.0000
[01:08:40]:       p_occup = 0.5344 => p_perc=0.0000
[01:08:52]:       p_occup = 0.5353 => p_perc=0.0001
[01:09:04]:       p_occup = 0.5362 => p_perc=0.0001
[01:09:16]:       p_occup = 0.5370 => p_perc=0.0000
[01:09:28]:       p_occup = 0.5378 => p_perc=0.0000
[01:09:40]:       p_occup = 0.5387 => p_perc=0.0001
[01:09:52]:       p_occup = 0.5395 => p_perc=0.0001
[01:10:04]:       p_occup = 0.5402 => p_perc=0.0000
[01:10:16]:       p_occup = 0.5410 => p_perc=0.0001
[01:10:29]:       p_occup = 0.5418 => p_perc=0.0002
[01:10:41]:       p_occup = 0.5426 => p_perc=0.0004
[01:10:53]:       p_occup = 0.5433 => p_perc=0.0003
[01:11:05]:       p_occup = 0.5440 => p_perc=0.0003
[01:11:17]:       p_occup = 0.5448 => p_perc=0.0001
[01:11:29]:       p_occup = 0.5455 => p_perc=0.0006
[01:11:41]:       p_occup = 0.5462 => p_perc=0.0005
[01:11:53]:       p_occup = 0.5469 => p_perc=0.0007
[01:12:05]:       p_occup = 0.5476 => p_perc=0.0006
[01:12:17]:       p_occup = 0.5483 => p_perc=0.0013
[01:12:29]:       p_occup = 0.5489 => p_perc=0.0013
[01:12:41]:       p_occup = 0.5496 => p_perc=0.0015
[01:12:53]:       p_occup = 0.5503 => p_perc=0.0012
[01:13:06]:       p_occup = 0.5509 => p_perc=0.0024
[01:13:18]:       p_occup = 0.5516 => p_perc=0.0022
[01:13:30]:       p_occup = 0.5522 => p_perc=0.0020
[01:13:42]:       p_occup = 0.5529 => p_perc=0.0026
[01:13:54]:       p_occup = 0.5535 => p_perc=0.0022
[01:14:06]:       p_occup = 0.5541 => p_perc=0.0036
[01:14:18]:       p_occup = 0.5547 => p_perc=0.0051
[01:14:30]:       p_occup = 0.5553 => p_perc=0.0052
[01:14:41]:       p_occup = 0.5560 => p_perc=0.0053
[01:14:53]:       p_occup = 0.5566 => p_perc=0.0057
[01:15:05]:       p_occup = 0.5572 => p_perc=0.0069
[01:15:17]:       p_occup = 0.5577 => p_perc=0.0085
[01:15:29]:       p_occup = 0.5583 => p_perc=0.0099
[01:15:42]:       p_occup = 0.5589 => p_perc=0.0109
[01:15:54]:       p_occup = 0.5595 => p_perc=0.0123
[01:16:06]:       p_occup = 0.5601 => p_perc=0.0141
[01:16:18]:       p_occup = 0.5607 => p_perc=0.0165
[01:16:30]:       p_occup = 0.5612 => p_perc=0.0190
[01:16:42]:       p_occup = 0.5618 => p_perc=0.0212
[01:16:54]:       p_occup = 0.5624 => p_perc=0.0224
[01:17:06]:       p_occup = 0.5629 => p_perc=0.0265
[01:17:18]:       p_occup = 0.5635 => p_perc=0.0322
[01:17:30]:       p_occup = 0.5640 => p_perc=0.0296
[01:17:42]:       p_occup = 0.5646 => p_perc=0.0379
[01:17:54]:       p_occup = 0.5651 => p_perc=0.0420
[01:18:05]:       p_occup = 0.5657 => p_perc=0.0468
[01:18:17]:       p_occup = 0.5662 => p_perc=0.0504
[01:18:29]:       p_occup = 0.5667 => p_perc=0.0555
[01:18:41]:       p_occup = 0.5673 => p_perc=0.0586
[01:18:53]:       p_occup = 0.5678 => p_perc=0.0669
[01:19:05]:       p_occup = 0.5684 => p_perc=0.0701
[01:19:17]:       p_occup = 0.5689 => p_perc=0.0762
[01:19:29]:       p_occup = 0.5694 => p_perc=0.0842
[01:19:41]:       p_occup = 0.5699 => p_perc=0.0998
[01:19:52]:       p_occup = 0.5705 => p_perc=0.1069
[01:20:04]:       p_occup = 0.5710 => p_perc=0.1123
[01:20:17]:       p_occup = 0.5715 => p_perc=0.1207
[01:20:29]:       p_occup = 0.5720 => p_perc=0.1367
[01:20:41]:       p_occup = 0.5725 => p_perc=0.1404
[01:20:53]:       p_occup = 0.5731 => p_perc=0.1521
[01:21:05]:       p_occup = 0.5736 => p_perc=0.1617
[01:21:17]:       p_occup = 0.5741 => p_perc=0.1691
[01:21:29]:       p_occup = 0.5746 => p_perc=0.1888
[01:21:41]:       p_occup = 0.5751 => p_perc=0.2034
[01:21:53]:       p_occup = 0.5756 => p_perc=0.2081
[01:22:05]:       p_occup = 0.5761 => p_perc=0.2294
[01:22:17]:       p_occup = 0.5766 => p_perc=0.2479
[01:22:28]:       p_occup = 0.5771 => p_perc=0.2590
[01:22:40]:       p_occup = 0.5776 => p_perc=0.2713
[01:22:52]:       p_occup = 0.5781 => p_perc=0.2914
[01:23:04]:       p_occup = 0.5786 => p_perc=0.3042
[01:23:16]:       p_occup = 0.5791 => p_perc=0.3271
[01:23:28]:       p_occup = 0.5796 => p_perc=0.3323
[01:23:40]:       p_occup = 0.5801 => p_perc=0.3572
[01:23:52]:       p_occup = 0.5807 => p_perc=0.3854
[01:24:04]:       p_occup = 0.5812 => p_perc=0.3942
[01:24:16]:       p_occup = 0.5817 => p_perc=0.4151
[01:24:28]:       p_occup = 0.5822 => p_perc=0.4258
[01:24:40]:       p_occup = 0.5827 => p_perc=0.4667
[01:24:53]:       p_occup = 0.5832 => p_perc=0.4617
[01:25:05]:       p_occup = 0.5837 => p_perc=0.4882
[01:25:16]:       p_occup = 0.5841 => p_perc=0.5104
[01:25:28]:       p_occup = 0.5846 => p_perc=0.5257
[01:25:40]:       p_occup = 0.5851 => p_perc=0.5444
[01:25:52]:       p_occup = 0.5856 => p_perc=0.5667
[01:26:04]:       p_occup = 0.5861 => p_perc=0.5862
[01:26:16]:       p_occup = 0.5866 => p_perc=0.6062
[01:26:28]:       p_occup = 0.5871 => p_perc=0.6216
[01:26:40]:       p_occup = 0.5877 => p_perc=0.6330
[01:26:52]:       p_occup = 0.5882 => p_perc=0.6617
[01:27:04]:       p_occup = 0.5887 => p_perc=0.6715
[01:27:16]:       p_occup = 0.5892 => p_perc=0.6870
[01:27:28]:       p_occup = 0.5897 => p_perc=0.7117
[01:27:40]:       p_occup = 0.5902 => p_perc=0.7185
[01:27:52]:       p_occup = 0.5907 => p_perc=0.7316
[01:28:04]:       p_occup = 0.5912 => p_perc=0.7495
[01:28:16]:       p_occup = 0.5917 => p_perc=0.7721
[01:28:27]:       p_occup = 0.5922 => p_perc=0.7848
[01:28:40]:       p_occup = 0.5927 => p_perc=0.7943
[01:28:51]:       p_occup = 0.5932 => p_perc=0.8111
[01:29:03]:       p_occup = 0.5937 => p_perc=0.8129
[01:29:15]:       p_occup = 0.5942 => p_perc=0.8408
[01:29:26]:       p_occup = 0.5947 => p_perc=0.8475
[01:29:38]:       p_occup = 0.5953 => p_perc=0.8624
[01:29:50]:       p_occup = 0.5958 => p_perc=0.8692
[01:30:02]:       p_occup = 0.5963 => p_perc=0.8814
[01:30:14]:       p_occup = 0.5968 => p_perc=0.8895
[01:30:26]:       p_occup = 0.5973 => p_perc=0.8960
[01:30:37]:       p_occup = 0.5979 => p_perc=0.9068
[01:30:49]:       p_occup = 0.5984 => p_perc=0.9104
[01:31:01]:       p_occup = 0.5989 => p_perc=0.9233
[01:31:13]:       p_occup = 0.5994 => p_perc=0.9275
[01:31:25]:       p_occup = 0.6000 => p_perc=0.9345
[01:31:36]:       p_occup = 0.6005 => p_perc=0.9420
[01:31:48]:       p_occup = 0.6011 => p_perc=0.9461
[01:32:00]:       p_occup = 0.6016 => p_perc=0.9506
[01:32:11]:       p_occup = 0.6021 => p_perc=0.9568
[01:32:23]:       p_occup = 0.6027 => p_perc=0.9585
[01:32:35]:       p_occup = 0.6032 => p_perc=0.9631
[01:32:47]:       p_occup = 0.6038 => p_perc=0.9685
[01:32:59]:       p_occup = 0.6043 => p_perc=0.9709
[01:33:10]:       p_occup = 0.6049 => p_perc=0.9719
[01:33:22]:       p_occup = 0.6054 => p_perc=0.9780
[01:33:34]:       p_occup = 0.6060 => p_perc=0.9817
[01:33:45]:       p_occup = 0.6066 => p_perc=0.9815
[01:33:57]:       p_occup = 0.6071 => p_perc=0.9852
[01:34:09]:       p_occup = 0.6077 => p_perc=0.9861
[01:34:21]:       p_occup = 0.6083 => p_perc=0.9873
[01:34:33]:       p_occup = 0.6089 => p_perc=0.9905
[01:34:44]:       p_occup = 0.6095 => p_perc=0.9901
[01:34:56]:       p_occup = 0.6101 => p_perc=0.9914
[01:35:08]:       p_occup = 0.6106 => p_perc=0.9932
[01:35:19]:       p_occup = 0.6112 => p_perc=0.9952
[01:35:31]:       p_occup = 0.6118 => p_perc=0.9953
[01:35:43]:       p_occup = 0.6125 => p_perc=0.9955
[01:35:54]:       p_occup = 0.6131 => p_perc=0.9968
[01:36:06]:       p_occup = 0.6137 => p_perc=0.9972
[01:36:18]:       p_occup = 0.6143 => p_perc=0.9979
[01:36:30]:       p_occup = 0.6149 => p_perc=0.9973
[01:36:41]:       p_occup = 0.6156 => p_perc=0.9976
[01:36:53]:       p_occup = 0.6162 => p_perc=0.9981
[01:37:04]:       p_occup = 0.6169 => p_perc=0.9981
[01:37:16]:       p_occup = 0.6175 => p_perc=0.9982
[01:37:27]:       p_occup = 0.6182 => p_perc=0.9984
[01:37:39]:       p_occup = 0.6189 => p_perc=0.9992
[01:37:51]:       p_occup = 0.6195 => p_perc=0.9989
[01:38:03]:       p_occup = 0.6202 => p_perc=0.9995
[01:38:14]:       p_occup = 0.6209 => p_perc=0.9995
[01:38:26]:       p_occup = 0.6216 => p_perc=0.9997
[01:38:38]:       p_occup = 0.6223 => p_perc=0.9993
[01:38:49]:       p_occup = 0.6230 => p_perc=0.9999
[01:39:00]:       p_occup = 0.6238 => p_perc=0.9996
[01:39:12]:       p_occup = 0.6245 => p_perc=0.9996
[01:39:23]:       p_occup = 0.6252 => p_perc=1.0000
[01:39:35]:       p_occup = 0.6260 => p_perc=0.9999
[01:39:46]:       p_occup = 0.6268 => p_perc=1.0000
[01:39:58]:       p_occup = 0.6276 => p_perc=0.9998
[01:40:09]:       p_occup = 0.6283 => p_perc=0.9999
[01:40:21]:       p_occup = 0.6291 => p_perc=0.9999
[01:40:32]:       p_occup = 0.6300 => p_perc=1.0000
[01:40:44]:       p_occup = 0.6308 => p_perc=1.0000
[01:40:55]:       p_occup = 0.6316 => p_perc=1.0000
[01:41:07]:       p_occup = 0.6325 => p_perc=1.0000
[01:41:18]:       p_occup = 0.6334 => p_perc=1.0000
[01:41:30]:       p_occup = 0.6343 => p_perc=1.0000
[01:41:42]:       p_occup = 0.6352 => p_perc=1.0000
[01:41:54]:       p_occup = 0.6361 => p_perc=1.0000
[01:42:05]:       p_occup = 0.6371 => p_perc=1.0000
[01:42:17]:       p_occup = 0.6380 => p_perc=1.0000
[01:42:28]:       p_occup = 0.6390 => p_perc=1.0000
[01:42:39]:       p_occup = 0.6400 => p_perc=1.0000
[01:42:51]:       p_occup = 0.6411 => p_perc=1.0000
[01:43:02]:       p_occup = 0.6421 => p_perc=1.0000
[01:43:14]:       p_occup = 0.6432 => p_perc=1.0000
[01:43:25]:       p_occup = 0.6443 => p_perc=1.0000
[01:43:36]:       p_occup = 0.6455 => p_perc=1.0000
[01:43:48]:       p_occup = 0.6466 => p_perc=1.0000
[01:43:59]:       p_occup = 0.6479 => p_perc=1.0000
[01:44:11]:       p_occup = 0.6491 => p_perc=1.0000
[01:44:22]:       p_occup = 0.6504 => p_perc=1.0000
[01:44:34]:       p_occup = 0.6517 => p_perc=1.0000
[01:44:45]:       p_occup = 0.6531 => p_perc=1.0000
[01:44:57]:       p_occup = 0.6546 => p_perc=1.0000
[01:45:08]:       p_occup = 0.6560 => p_perc=1.0000
[01:45:19]:       p_occup = 0.6576 => p_perc=1.0000
[01:45:31]:       p_occup = 0.6592 => p_perc=1.0000
[01:45:42]:       p_occup = 0.6609 => p_perc=1.0000
[01:45:54]:       p_occup = 0.6627 => p_perc=1.0000
[01:46:05]:       p_occup = 0.6645 => p_perc=1.0000
[01:46:16]:       p_occup = 0.6665 => p_perc=1.0000
[01:46:27]:       p_occup = 0.6686 => p_perc=1.0000
[01:46:38]:       p_occup = 0.6708 => p_perc=1.0000
[01:46:49]:       p_occup = 0.6731 => p_perc=1.0000
[01:47:00]:       p_occup = 0.6756 => p_perc=1.0000
[01:47:11]:       p_occup = 0.6783 => p_perc=1.0000
[01:47:23]:       p_occup = 0.6813 => p_perc=1.0000
[01:47:34]:       p_occup = 0.6845 => p_perc=1.0000
[01:47:45]:       p_occup = 0.6880 => p_perc=1.0000
[01:47:56]:       p_occup = 0.6920 => p_perc=1.0000
[01:48:07]:       p_occup = 0.6965 => p_perc=1.0000
[01:48:18]:       p_occup = 0.7018 => p_perc=1.0000
[01:48:29]:       p_occup = 0.7080 => p_perc=1.0000
[01:48:40]:       p_occup = 0.7158 => p_perc=1.0000
[01:48:50]:       p_occup = 0.7260 => p_perc=1.0000
[01:49:01]:       p_occup = 0.7411 => p_perc=1.0000
[01:49:11]:       p_occup = 0.7711 => p_perc=1.0000
[01:49:11]: Monte Carlo finished for this grid size.
[01:49:11]: Processing grid with: n_iterations = 13...
[01:49:12]: Grid generated with #nodes = 318695.
[01:49:12]: Running Monte Carlo simulation...
[01:50:30]:       p_occup = 0.3967 => p_perc=0.0000
[01:51:50]:       p_occup = 0.4267 => p_perc=0.0000
[01:53:10]:       p_occup = 0.4418 => p_perc=0.0000
[01:54:31]:       p_occup = 0.4520 => p_perc=0.0000
[01:55:52]:       p_occup = 0.4598 => p_perc=0.0000
[01:57:13]:       p_occup = 0.4660 => p_perc=0.0000
[01:58:34]:       p_occup = 0.4713 => p_perc=0.0000
[01:59:55]:       p_occup = 0.4758 => p_perc=0.0000
[02:01:17]:       p_occup = 0.4798 => p_perc=0.0000
[02:02:38]:       p_occup = 0.4833 => p_perc=0.0000
[02:03:59]:       p_occup = 0.4865 => p_perc=0.0000
[02:05:20]:       p_occup = 0.4895 => p_perc=0.0000
[02:06:41]:       p_occup = 0.4922 => p_perc=0.0000
[02:08:02]:       p_occup = 0.4947 => p_perc=0.0000
[02:09:23]:       p_occup = 0.4970 => p_perc=0.0000
[02:10:44]:       p_occup = 0.4992 => p_perc=0.0000
[02:12:05]:       p_occup = 0.5013 => p_perc=0.0000
[02:13:26]:       p_occup = 0.5033 => p_perc=0.0000
[02:14:46]:       p_occup = 0.5051 => p_perc=0.0000
[02:16:08]:       p_occup = 0.5069 => p_perc=0.0000
[02:17:28]:       p_occup = 0.5086 => p_perc=0.0000
[02:18:49]:       p_occup = 0.5102 => p_perc=0.0000
[02:20:09]:       p_occup = 0.5118 => p_perc=0.0000
[02:21:30]:       p_occup = 0.5132 => p_perc=0.0000
[02:22:50]:       p_occup = 0.5147 => p_perc=0.0000
[02:24:11]:       p_occup = 0.5161 => p_perc=0.0000
[02:25:32]:       p_occup = 0.5174 => p_perc=0.0000
[02:26:53]:       p_occup = 0.5187 => p_perc=0.0000
[02:28:14]:       p_occup = 0.5199 => p_perc=0.0000
[02:29:34]:       p_occup = 0.5212 => p_perc=0.0000
[02:30:54]:       p_occup = 0.5223 => p_perc=0.0000
[02:32:15]:       p_occup = 0.5235 => p_perc=0.0000
[02:33:35]:       p_occup = 0.5246 => p_perc=0.0000
[02:34:56]:       p_occup = 0.5257 => p_perc=0.0000
[02:36:16]:       p_occup = 0.5267 => p_perc=0.0000
[02:37:37]:       p_occup = 0.5278 => p_perc=0.0000
[02:38:57]:       p_occup = 0.5288 => p_perc=0.0000
[02:40:17]:       p_occup = 0.5298 => p_perc=0.0000
[02:41:37]:       p_occup = 0.5307 => p_perc=0.0000
[02:42:58]:       p_occup = 0.5317 => p_perc=0.0000
[02:44:18]:       p_occup = 0.5326 => p_perc=0.0000
[02:45:38]:       p_occup = 0.5335 => p_perc=0.0000
[02:46:58]:       p_occup = 0.5344 => p_perc=0.0000
[02:48:18]:       p_occup = 0.5353 => p_perc=0.0000
[02:49:38]:       p_occup = 0.5362 => p_perc=0.0000
[02:50:58]:       p_occup = 0.5370 => p_perc=0.0000
[02:52:19]:       p_occup = 0.5378 => p_perc=0.0000
[02:53:39]:       p_occup = 0.5387 => p_perc=0.0000
[02:54:59]:       p_occup = 0.5395 => p_perc=0.0000
[02:56:19]:       p_occup = 0.5402 => p_perc=0.0000
[02:57:39]:       p_occup = 0.5410 => p_perc=0.0000
[02:58:59]:       p_occup = 0.5418 => p_perc=0.0000
[03:00:19]:       p_occup = 0.5426 => p_perc=0.0000
[03:01:38]:       p_occup = 0.5433 => p_perc=0.0000
[03:02:58]:       p_occup = 0.5440 => p_perc=0.0000
[03:04:18]:       p_occup = 0.5448 => p_perc=0.0000
[03:05:37]:       p_occup = 0.5455 => p_perc=0.0000
[03:06:58]:       p_occup = 0.5462 => p_perc=0.0000
[03:08:18]:       p_occup = 0.5469 => p_perc=0.0000
[03:09:38]:       p_occup = 0.5476 => p_perc=0.0000
[03:10:58]:       p_occup = 0.5483 => p_perc=0.0000
[03:12:18]:       p_occup = 0.5489 => p_perc=0.0000
[03:13:38]:       p_occup = 0.5496 => p_perc=0.0000
[03:14:58]:       p_occup = 0.5503 => p_perc=0.0000
[03:16:18]:       p_occup = 0.5509 => p_perc=0.0000
[03:17:37]:       p_occup = 0.5516 => p_perc=0.0000
[03:18:57]:       p_occup = 0.5522 => p_perc=0.0000
[03:20:17]:       p_occup = 0.5529 => p_perc=0.0000
[03:21:36]:       p_occup = 0.5535 => p_perc=0.0000
[03:22:56]:       p_occup = 0.5541 => p_perc=0.0000
[03:24:15]:       p_occup = 0.5547 => p_perc=0.0000
[03:25:34]:       p_occup = 0.5553 => p_perc=0.0000
[03:26:54]:       p_occup = 0.5560 => p_perc=0.0000
[03:28:13]:       p_occup = 0.5566 => p_perc=0.0000
[03:29:33]:       p_occup = 0.5572 => p_perc=0.0000
[03:30:53]:       p_occup = 0.5577 => p_perc=0.0000
[03:32:13]:       p_occup = 0.5583 => p_perc=0.0000
[03:33:32]:       p_occup = 0.5589 => p_perc=0.0000
[03:34:51]:       p_occup = 0.5595 => p_perc=0.0000
[03:36:11]:       p_occup = 0.5601 => p_perc=0.0000
[03:37:30]:       p_occup = 0.5607 => p_perc=0.0000
[03:38:49]:       p_occup = 0.5612 => p_perc=0.0001
[03:40:09]:       p_occup = 0.5618 => p_perc=0.0001
[03:41:28]:       p_occup = 0.5624 => p_perc=0.0000
[03:42:48]:       p_occup = 0.5629 => p_perc=0.0003
[03:44:07]:       p_occup = 0.5635 => p_perc=0.0002
[03:45:27]:       p_occup = 0.5640 => p_perc=0.0002
[03:46:47]:       p_occup = 0.5646 => p_perc=0.0003
[03:48:06]:       p_occup = 0.5651 => p_perc=0.0002
[03:49:25]:       p_occup = 0.5657 => p_perc=0.0005
[03:50:44]:       p_occup = 0.5662 => p_perc=0.0003
[03:52:03]:       p_occup = 0.5667 => p_perc=0.0009
[03:53:22]:       p_occup = 0.5673 => p_perc=0.0012
[03:54:41]:       p_occup = 0.5678 => p_perc=0.0015
[03:56:00]:       p_occup = 0.5684 => p_perc=0.0024
[03:57:19]:       p_occup = 0.5689 => p_perc=0.0033
[03:58:38]:       p_occup = 0.5694 => p_perc=0.0040
[03:59:57]:       p_occup = 0.5699 => p_perc=0.0042
[04:01:16]:       p_occup = 0.5705 => p_perc=0.0054
[04:02:36]:       p_occup = 0.5710 => p_perc=0.0087
[04:03:55]:       p_occup = 0.5715 => p_perc=0.0095
[04:05:14]:       p_occup = 0.5720 => p_perc=0.0139
[04:06:33]:       p_occup = 0.5725 => p_perc=0.0191
[04:07:53]:       p_occup = 0.5731 => p_perc=0.0197
[04:09:12]:       p_occup = 0.5736 => p_perc=0.0224
[04:10:30]:       p_occup = 0.5741 => p_perc=0.0334
[04:11:49]:       p_occup = 0.5746 => p_perc=0.0394
[04:13:08]:       p_occup = 0.5751 => p_perc=0.0500
[04:14:27]:       p_occup = 0.5756 => p_perc=0.0580
[04:15:46]:       p_occup = 0.5761 => p_perc=0.0646
[04:17:05]:       p_occup = 0.5766 => p_perc=0.0825
[04:18:23]:       p_occup = 0.5771 => p_perc=0.0910
[04:19:42]:       p_occup = 0.5776 => p_perc=0.1192
[04:21:01]:       p_occup = 0.5781 => p_perc=0.1331
[04:22:20]:       p_occup = 0.5786 => p_perc=0.1633
[04:23:38]:       p_occup = 0.5791 => p_perc=0.1787
[04:24:57]:       p_occup = 0.5796 => p_perc=0.2093
[04:26:16]:       p_occup = 0.5801 => p_perc=0.2324
[04:27:34]:       p_occup = 0.5807 => p_perc=0.2660
[04:28:53]:       p_occup = 0.5812 => p_perc=0.3062
[04:30:12]:       p_occup = 0.5817 => p_perc=0.3314
[04:31:30]:       p_occup = 0.5822 => p_perc=0.3692
[04:32:48]:       p_occup = 0.5827 => p_perc=0.4010
[04:34:07]:       p_occup = 0.5832 => p_perc=0.4520
[04:35:26]:       p_occup = 0.5837 => p_perc=0.4775
[04:36:44]:       p_occup = 0.5841 => p_perc=0.5110
[04:38:04]:       p_occup = 0.5846 => p_perc=0.5640
[04:39:22]:       p_occup = 0.5851 => p_perc=0.5912
[04:40:40]:       p_occup = 0.5856 => p_perc=0.6356
[04:41:59]:       p_occup = 0.5861 => p_perc=0.6701
[04:43:18]:       p_occup = 0.5866 => p_perc=0.7058
[04:44:36]:       p_occup = 0.5871 => p_perc=0.7373
[04:45:54]:       p_occup = 0.5877 => p_perc=0.7652
[04:47:12]:       p_occup = 0.5882 => p_perc=0.7929
[04:48:30]:       p_occup = 0.5887 => p_perc=0.8234
[04:49:48]:       p_occup = 0.5892 => p_perc=0.8483
[04:51:07]:       p_occup = 0.5897 => p_perc=0.8707
[04:52:25]:       p_occup = 0.5902 => p_perc=0.8864
[04:53:43]:       p_occup = 0.5907 => p_perc=0.9033
[04:55:00]:       p_occup = 0.5912 => p_perc=0.9168
[04:56:18]:       p_occup = 0.5917 => p_perc=0.9296
[04:57:37]:       p_occup = 0.5922 => p_perc=0.9441
[04:58:55]:       p_occup = 0.5927 => p_perc=0.9535
[05:00:13]:       p_occup = 0.5932 => p_perc=0.9629
[05:01:31]:       p_occup = 0.5937 => p_perc=0.9698
[05:02:49]:       p_occup = 0.5942 => p_perc=0.9784
[05:04:07]:       p_occup = 0.5947 => p_perc=0.9810
[05:05:25]:       p_occup = 0.5953 => p_perc=0.9855
[05:06:43]:       p_occup = 0.5958 => p_perc=0.9881
[05:08:01]:       p_occup = 0.5963 => p_perc=0.9909
[05:09:19]:       p_occup = 0.5968 => p_perc=0.9916
[05:10:37]:       p_occup = 0.5973 => p_perc=0.9937
[05:11:56]:       p_occup = 0.5979 => p_perc=0.9958
[05:13:14]:       p_occup = 0.5984 => p_perc=0.9961
[05:14:32]:       p_occup = 0.5989 => p_perc=0.9971
[05:15:50]:       p_occup = 0.5994 => p_perc=0.9978
[05:17:08]:       p_occup = 0.6000 => p_perc=0.9978
[05:18:26]:       p_occup = 0.6005 => p_perc=0.9988
[05:19:43]:       p_occup = 0.6011 => p_perc=0.9994
[05:21:01]:       p_occup = 0.6016 => p_perc=0.9988
[05:22:18]:       p_occup = 0.6021 => p_perc=0.9995
[05:23:36]:       p_occup = 0.6027 => p_perc=0.9996
[05:24:53]:       p_occup = 0.6032 => p_perc=0.9996
[05:26:12]:       p_occup = 0.6038 => p_perc=0.9999
[05:27:29]:       p_occup = 0.6043 => p_perc=0.9998
[05:28:47]:       p_occup = 0.6049 => p_perc=1.0000
[05:30:04]:       p_occup = 0.6054 => p_perc=1.0000
[05:31:22]:       p_occup = 0.6060 => p_perc=1.0000
[05:32:39]:       p_occup = 0.6066 => p_perc=1.0000
[05:33:56]:       p_occup = 0.6071 => p_perc=1.0000
[05:35:13]:       p_occup = 0.6077 => p_perc=1.0000
[05:36:31]:       p_occup = 0.6083 => p_perc=1.0000
[05:37:48]:       p_occup = 0.6089 => p_perc=1.0000
[05:39:05]:       p_occup = 0.6095 => p_perc=1.0000
[05:40:22]:       p_occup = 0.6101 => p_perc=1.0000
[05:41:39]:       p_occup = 0.6106 => p_perc=1.0000
[05:42:56]:       p_occup = 0.6112 => p_perc=1.0000
[05:44:13]:       p_occup = 0.6118 => p_perc=1.0000
[05:45:31]:       p_occup = 0.6125 => p_perc=1.0000
[05:46:48]:       p_occup = 0.6131 => p_perc=1.0000
[05:48:05]:       p_occup = 0.6137 => p_perc=1.0000
[05:49:22]:       p_occup = 0.6143 => p_perc=1.0000
[05:50:38]:       p_occup = 0.6149 => p_perc=1.0000
[05:51:55]:       p_occup = 0.6156 => p_perc=1.0000
[05:53:12]:       p_occup = 0.6162 => p_perc=1.0000
[05:54:29]:       p_occup = 0.6169 => p_perc=1.0000
[05:55:46]:       p_occup = 0.6175 => p_perc=1.0000
[05:57:03]:       p_occup = 0.6182 => p_perc=1.0000
[05:58:20]:       p_occup = 0.6189 => p_perc=1.0000
[05:59:36]:       p_occup = 0.6195 => p_perc=1.0000
[06:00:53]:       p_occup = 0.6202 => p_perc=1.0000
[06:02:09]:       p_occup = 0.6209 => p_perc=1.0000
[06:03:26]:       p_occup = 0.6216 => p_perc=1.0000
[06:04:42]:       p_occup = 0.6223 => p_perc=1.0000
[06:05:58]:       p_occup = 0.6230 => p_perc=1.0000
[06:07:16]:       p_occup = 0.6238 => p_perc=1.0000
[06:08:32]:       p_occup = 0.6245 => p_perc=1.0000
[06:09:48]:       p_occup = 0.6252 => p_perc=1.0000
[06:11:04]:       p_occup = 0.6260 => p_perc=1.0000
[06:12:20]:       p_occup = 0.6268 => p_perc=1.0000
[06:13:36]:       p_occup = 0.6276 => p_perc=1.0000
[06:14:53]:       p_occup = 0.6283 => p_perc=1.0000
[06:16:08]:       p_occup = 0.6291 => p_perc=1.0000
[06:17:24]:       p_occup = 0.6300 => p_perc=1.0000
[06:18:41]:       p_occup = 0.6308 => p_perc=1.0000
[06:19:58]:       p_occup = 0.6316 => p_perc=1.0000
[06:21:13]:       p_occup = 0.6325 => p_perc=1.0000
[06:22:29]:       p_occup = 0.6334 => p_perc=1.0000
[06:23:45]:       p_occup = 0.6343 => p_perc=1.0000
[06:25:01]:       p_occup = 0.6352 => p_perc=1.0000
[06:26:16]:       p_occup = 0.6361 => p_perc=1.0000
[06:27:32]:       p_occup = 0.6371 => p_perc=1.0000
[06:28:48]:       p_occup = 0.6380 => p_perc=1.0000
[06:30:03]:       p_occup = 0.6390 => p_perc=1.0000
[06:31:19]:       p_occup = 0.6400 => p_perc=1.0000
[06:32:35]:       p_occup = 0.6411 => p_perc=1.0000
[06:33:50]:       p_occup = 0.6421 => p_perc=1.0000
[06:35:05]:       p_occup = 0.6432 => p_perc=1.0000
[06:36:20]:       p_occup = 0.6443 => p_perc=1.0000
[06:37:35]:       p_occup = 0.6455 => p_perc=1.0000
[06:38:50]:       p_occup = 0.6466 => p_perc=1.0000
[06:40:05]:       p_occup = 0.6479 => p_perc=1.0000
[06:41:19]:       p_occup = 0.6491 => p_perc=1.0000
[06:42:34]:       p_occup = 0.6504 => p_perc=1.0000
[06:43:49]:       p_occup = 0.6517 => p_perc=1.0000
[06:45:04]:       p_occup = 0.6531 => p_perc=1.0000
[06:46:19]:       p_occup = 0.6546 => p_perc=1.0000
[06:47:33]:       p_occup = 0.6560 => p_perc=1.0000
[06:48:47]:       p_occup = 0.6576 => p_perc=1.0000
[06:50:02]:       p_occup = 0.6592 => p_perc=1.0000
[06:51:16]:       p_occup = 0.6609 => p_perc=1.0000
[06:52:31]:       p_occup = 0.6627 => p_perc=1.0000
[06:53:45]:       p_occup = 0.6645 => p_perc=1.0000
[06:54:59]:       p_occup = 0.6665 => p_perc=1.0000
[06:56:13]:       p_occup = 0.6686 => p_perc=1.0000
[06:57:26]:       p_occup = 0.6708 => p_perc=1.0000
[06:58:40]:       p_occup = 0.6731 => p_perc=1.0000
[06:59:54]:       p_occup = 0.6756 => p_perc=1.0000
[07:01:07]:       p_occup = 0.6783 => p_perc=1.0000
[07:02:20]:       p_occup = 0.6813 => p_perc=1.0000
[07:03:33]:       p_occup = 0.6845 => p_perc=1.0000
[07:04:46]:       p_occup = 0.6880 => p_perc=1.0000
[07:05:58]:       p_occup = 0.6920 => p_perc=1.0000
[07:07:09]:       p_occup = 0.6965 => p_perc=1.0000
[07:08:21]:       p_occup = 0.7018 => p_perc=1.0000
[07:09:32]:       p_occup = 0.7080 => p_perc=1.0000
[07:10:42]:       p_occup = 0.7158 => p_perc=1.0000
[07:11:52]:       p_occup = 0.7260 => p_perc=1.0000
[07:13:01]:       p_occup = 0.7411 => p_perc=1.0000
[07:14:07]:       p_occup = 0.7711 => p_perc=1.0000
[07:14:07]: Monte Carlo finished for this grid size.
[07:14:07]: All simulations finished. Exporting data...
[07:14:07]: Data succesfully exported.
[07:14:07]: ======================================================================
[07:14:07]:                        SIMULATION COMPLETED
[07:14:07]: ======================================================================
==========================================================
Computation finished.
Job ending.
==========================================================
