==========================================================
Job ID: 9232761
Running on node: c75t34
Number of CPUs: 64
Working directory: /work/zlatnikj/NTMF021
==========================================================
Loading modules...
OMP Number of threads: 64
Running computation /home/zlatnikj/NTMF021/random_walk
[19:42:32]: Generating Penrose grid for plotting...
[19:42:32]: Penrose substitutuon finished, constructing grid...
[19:42:32]: Grid construction finished, exporting grid data to files...
[19:42:34]: Grid data exported to files: penrose.txt, nodes.txt, edges.txt
[19:42:34]: Regenerating Penrose grid for computations...
[19:42:34]: Penrose substitutuon finished, constructing grid...
[19:42:35]: Grid construction finished, exporting grid data to files...
[19:42:40]: Grid data exported to binary files: grid_points.bin, edges.bin, num_edges.bin
[19:42:40]: Loading Penrose grid...
[19:42:40]: Penrose grid succesfully loaded.
[19:42:40]: Grid rescaled to d=1.
[19:42:40]: Searching for starting point...
[19:42:40]: Starting point ID found: 428438 at (.500000, .000000)
[19:42:40]: Simulating random walks...
[19:42:40]: Simulating random walks for nsteps = 5 ...
[19:42:40]: Computing simple random walks...
[19:42:40]: Computing simple random walks finished.
[19:42:40]: Computing no-backtracking random walks...
[19:42:40]: Computing no-backtracking random walks finished.
[19:42:40]: Total attempts for no-backtracking walks: 10000 out of 10000
[19:42:40]: Computing only-once random walks...
[19:42:40]: Computing only-once random walks finished.
[19:42:40]: Total attempts for only-once walks: 10000 out of 10000
[19:42:40]: Writing results to files...
[19:42:40]: Writing results to files finished.
[19:42:40]: Computing R statistics...
[19:42:40]: Computing R statistics finished.
[19:42:40]: Simulating random walks for nsteps = 10 ...
[19:42:40]: Computing simple random walks...
[19:42:40]: Computing simple random walks finished.
[19:42:40]: Computing no-backtracking random walks...
[19:42:40]: Computing no-backtracking random walks finished.
[19:42:40]: Total attempts for no-backtracking walks: 10000 out of 10000
[19:42:40]: Computing only-once random walks...
[19:42:41]: Computing only-once random walks finished.
[19:42:41]: Total attempts for only-once walks: 10675 out of 10000
[19:42:41]: Writing results to files...
[19:42:41]: Writing results to files finished.
[19:42:41]: Computing R statistics...
[19:42:41]: Computing R statistics finished.
[19:42:41]: Simulating random walks for nsteps = 25 ...
[19:42:41]: Computing simple random walks...
[19:42:41]: Computing simple random walks finished.
[19:42:41]: Computing no-backtracking random walks...
[19:42:41]: Computing no-backtracking random walks finished.
[19:42:41]: Total attempts for no-backtracking walks: 10000 out of 10000
[19:42:41]: Computing only-once random walks...
[19:42:41]: Computing only-once random walks finished.
[19:42:41]: Total attempts for only-once walks: 15240 out of 10000
[19:42:41]: Writing results to files...
[19:42:41]: Writing results to files finished.
[19:42:41]: Computing R statistics...
[19:42:41]: Computing R statistics finished.
[19:42:41]: Simulating random walks for nsteps = 50 ...
[19:42:41]: Computing simple random walks...
[19:42:41]: Computing simple random walks finished.
[19:42:41]: Computing no-backtracking random walks...
[19:42:42]: Computing no-backtracking random walks finished.
[19:42:42]: Total attempts for no-backtracking walks: 10000 out of 10000
[19:42:42]: Computing only-once random walks...
[19:42:42]: Computing only-once random walks finished.
[19:42:42]: Total attempts for only-once walks: 35486 out of 10000
[19:42:42]: Writing results to files...
[19:42:42]: Writing results to files finished.
[19:42:42]: Computing R statistics...
[19:42:42]: Computing R statistics finished.
[19:42:42]: Simulating random walks for nsteps = 75 ...
[19:42:42]: Computing simple random walks...
[19:42:42]: Computing simple random walks finished.
[19:42:42]: Computing no-backtracking random walks...
[19:42:42]: Computing no-backtracking random walks finished.
[19:42:42]: Total attempts for no-backtracking walks: 10000 out of 10000
[19:42:42]: Computing only-once random walks...
[19:42:42]: Computing only-once random walks finished.
[19:42:42]: Total attempts for only-once walks: 88432 out of 10000
[19:42:42]: Writing results to files...
[19:42:44]: Writing results to files finished.
[19:42:44]: Computing R statistics...
[19:42:44]: Computing R statistics finished.
[19:42:44]: Simulating random walks for nsteps = 100 ...
[19:42:44]: Computing simple random walks...
[19:42:44]: Computing simple random walks finished.
[19:42:44]: Computing no-backtracking random walks...
[19:42:44]: Computing no-backtracking random walks finished.
[19:42:44]: Total attempts for no-backtracking walks: 10000 out of 10000
[19:42:44]: Computing only-once random walks...
[19:42:46]: Computing only-once random walks finished.
[19:42:46]: Total attempts for only-once walks: 228137 out of 10000
[19:42:46]: Writing results to files...
[19:42:46]: Writing results to files finished.
[19:42:46]: Computing R statistics...
[19:42:46]: Computing R statistics finished.
[19:42:46]: Simulating random walks for nsteps = 125 ...
[19:42:46]: Computing simple random walks...
[19:42:46]: Computing simple random walks finished.
[19:42:46]: Computing no-backtracking random walks...
[19:42:46]: Computing no-backtracking random walks finished.
[19:42:46]: Total attempts for no-backtracking walks: 10000 out of 10000
[19:42:46]: Computing only-once random walks...
[19:42:51]: Computing only-once random walks finished.
[19:42:51]: Total attempts for only-once walks: 601252 out of 10000
[19:42:51]: Writing results to files...
[19:42:51]: Writing results to files finished.
[19:42:51]: Computing R statistics...
[19:42:51]: Computing R statistics finished.
[19:42:51]: Simulating random walks for nsteps = 150 ...
[19:42:51]: Computing simple random walks...
[19:42:51]: Computing simple random walks finished.
[19:42:51]: Computing no-backtracking random walks...
[19:42:51]: Computing no-backtracking random walks finished.
[19:42:51]: Total attempts for no-backtracking walks: 10000 out of 10000
[19:42:51]: Computing only-once random walks...
[19:43:03]: Computing only-once random walks finished.
[19:43:03]: Total attempts for only-once walks: 1624812 out of 10000
[19:43:03]: Writing results to files...
[19:43:03]: Writing results to files finished.
[19:43:03]: Computing R statistics...
[19:43:03]: Computing R statistics finished.
[19:43:03]: Simulating random walks for nsteps = 175 ...
[19:43:03]: Computing simple random walks...
[19:43:03]: Computing simple random walks finished.
[19:43:03]: Computing no-backtracking random walks...
[19:43:03]: Computing no-backtracking random walks finished.
[19:43:03]: Total attempts for no-backtracking walks: 10000 out of 10000
[19:43:03]: Computing only-once random walks...
[19:43:34]: Computing only-once random walks finished.
[19:43:34]: Total attempts for only-once walks: 4393468 out of 10000
[19:43:34]: Writing results to files...
[19:43:34]: Writing results to files finished.
[19:43:34]: Computing R statistics...
[19:43:34]: Computing R statistics finished.
[19:43:34]: Simulating random walks for nsteps = 200 ...
[19:43:34]: Computing simple random walks...
[19:43:34]: Computing simple random walks finished.
[19:43:36]: Computing no-backtracking random walks...
[19:43:36]: Computing no-backtracking random walks finished.
[19:43:36]: Total attempts for no-backtracking walks: 10000 out of 10000
[19:43:36]: Computing only-once random walks...
[19:45:05]: Computing only-once random walks finished.
[19:45:05]: Total attempts for only-once walks: 12387484 out of 10000
[19:45:05]: Writing results to files...
[19:45:07]: Writing results to files finished.
[19:45:09]: Computing R statistics...
[19:45:09]: Computing R statistics finished.
[19:45:09]: Simulating random walks for nsteps = 225 ...
[19:45:09]: Computing simple random walks...
[19:45:09]: Computing simple random walks finished.
[19:45:09]: Computing no-backtracking random walks...
[19:45:09]: Computing no-backtracking random walks finished.
[19:45:09]: Total attempts for no-backtracking walks: 10000 out of 10000
[19:45:09]: Computing only-once random walks...
[19:49:10]: Computing only-once random walks finished.
[19:49:10]: Total attempts for only-once walks: 34071536 out of 10000
[19:49:10]: Writing results to files...
[19:49:11]: Writing results to files finished.
[19:49:11]: Computing R statistics...
[19:49:11]: Computing R statistics finished.
[19:49:11]: Simulating random walks for nsteps = 250 ...
[19:49:11]: Computing simple random walks...
[19:49:11]: Computing simple random walks finished.
[19:49:11]: Computing no-backtracking random walks...
[19:49:11]: Computing no-backtracking random walks finished.
[19:49:11]: Total attempts for no-backtracking walks: 10000 out of 10000
[19:49:11]: Computing only-once random walks...
[20:00:41]: Computing only-once random walks finished.
[20:00:41]: Total attempts for only-once walks: 94455937 out of 10000
[20:00:41]: Writing results to files...
[20:00:43]: Writing results to files finished.
[20:00:43]: Computing R statistics...
[20:00:43]: Computing R statistics finished.
[20:00:43]: Writing R statistics to file...
[20:00:43]: Writing R statistics to file finished.
[20:00:43]: All random walk simulations finished.
[20:00:43]: Random walk simulation finished.
==========================================================
Computation finished.
Job ending.
==========================================================
